<?xml version="1.0" encoding="UTF-8"?>
<!-- Generated by org.testng.reporters.JUnitXMLReporter -->
<testsuite ignored="2" hostname="DESKTOP-0BH9N96" failures="0" tests="2" name="Default test" time="12.673" errors="0" timestamp="2024-09-06T06:45:02 IST">
  <testcase classname="org.qa.opencart.tests.LoginTest" name="loginPageTitleTest" time="0.038"/>
  <testcase classname="org.qa.opencart.tests.LoginTest" name="getloginTestExcelData" time="1.041"/>
  <testcase classname="org.qa.opencart.tests.LoginTest" name="loginTest" time="0.0">
    <ignored/>
  </testcase> <!-- loginTest -->
  <testcase classname="org.qa.opencart.tests.LoginTest" name="loginTest" time="0.0">
    <ignored/>
  </testcase> <!-- loginTest -->
</testsuite> <!-- Default test -->
